app/PPAProjectApp/app/build/intermediates/manifest_merge_blame_file/release/manifest-merger-blame-release-report.txt
1<?xml version="1.0" encoding="utf-8"?>
2<manifest xmlns:android="http://schemas.android.com/apk/res/android"
3    package="com.philk7.ppaprojectapp"
4    android:versionCode="1"
5    android:versionName="1.0" >
6
7    <uses-sdk
8        android:minSdkVersion="21"
8-->src/main/AndroidManifest.xml
9        android:targetSdkVersion="30" />
9-->src/main/AndroidManifest.xml
10
11    <uses-permission android:name="android.permission.INTERNET" />
11-->src/main/AndroidManifest.xml:5:5-67
11-->src/main/AndroidManifest.xml:5:22-64
12    <uses-permission android:name="android.permission.ACTIVITY_RECOGNITION" />
12-->src/main/AndroidManifest.xml:6:5-79
12-->src/main/AndroidManifest.xml:6:22-76
13
14    <application
14-->src/main/AndroidManifest.xml:8:5-40:19
15        android:allowBackup="true"
15-->src/main/AndroidManifest.xml:9:9-35
16        android:appComponentFactory="androidx.core.app.CoreComponentFactory"
16-->[androidx.core:core:1.3.2] AndroidManifest.xml:24:18-86
17        android:icon="@mipmap/ic_launcher_custom_2"
17-->src/main/AndroidManifest.xml:10:9-52
18        android:label="@string/app_name"
18-->src/main/AndroidManifest.xml:11:9-41
19        android:roundIcon="@mipmap/ic_launcher_custom_2_round"
19-->src/main/AndroidManifest.xml:12:9-63
20        android:supportsRtl="false"
20-->src/main/AndroidManifest.xml:13:9-36
21        android:theme="@style/Theme.PPAProjectApp" >
21-->src/main/AndroidManifest.xml:14:9-51
22        <activity android:name="com.philk7.ppaprojectapp.LocationIndicationActivity" />
22-->src/main/AndroidManifest.xml:15:9-64
22-->src/main/AndroidManifest.xml:15:19-61
23        <activity android:name="com.philk7.ppaprojectapp.MidtermSurveyActivity" />
23-->src/main/AndroidManifest.xml:16:9-59
23-->src/main/AndroidManifest.xml:16:19-56
24        <activity
24-->src/main/AndroidManifest.xml:17:9-25:20
25            android:name="com.philk7.ppaprojectapp.StartActivity"
25-->src/main/AndroidManifest.xml:18:13-42
26            android:noHistory="true" >
26-->src/main/AndroidManifest.xml:19:13-37
27            <intent-filter>
27-->src/main/AndroidManifest.xml:20:13-24:29
28                <action android:name="android.intent.action.MAIN" />
28-->src/main/AndroidManifest.xml:21:17-69
28-->src/main/AndroidManifest.xml:21:25-66
29
30                <category android:name="android.intent.category.LAUNCHER" />
30-->src/main/AndroidManifest.xml:23:17-77
30-->src/main/AndroidManifest.xml:23:27-74
31            </intent-filter>
32        </activity>
33        <activity
33-->src/main/AndroidManifest.xml:26:9-29:70
34            android:name="com.philk7.ppaprojectapp.HomeActivity"
34-->src/main/AndroidManifest.xml:27:13-41
35            android:label="@string/title_activity_home"
35-->src/main/AndroidManifest.xml:28:13-56
36            android:theme="@style/Theme.PPAProjectApp.NoActionBar" />
36-->src/main/AndroidManifest.xml:29:13-67
37        <activity android:name="com.philk7.ppaprojectapp.QuestionnaireActivity" />
37-->src/main/AndroidManifest.xml:30:9-59
37-->src/main/AndroidManifest.xml:30:19-56
38        <activity android:name="com.philk7.ppaprojectapp.ConsentFormActivity" />
38-->src/main/AndroidManifest.xml:31:9-57
38-->src/main/AndroidManifest.xml:31:19-54
39        <activity
39-->src/main/AndroidManifest.xml:32:9-36:69
40            android:name="com.philk7.ppaprojectapp.FirstIDActivity"
40-->src/main/AndroidManifest.xml:33:13-44
41            android:configChanges="orientation|keyboardHidden|screenSize"
41-->src/main/AndroidManifest.xml:34:13-74
42            android:label="@string/app_name"
42-->src/main/AndroidManifest.xml:35:13-45
43            android:theme="@style/Theme.PPAProjectApp.Fullscreen" />
43-->src/main/AndroidManifest.xml:36:13-66
44
45        <receiver android:name="com.philk7.ppaprojectapp.HomeActivity$Companion$MainReceiver" />
45-->src/main/AndroidManifest.xml:38:9-73
45-->src/main/AndroidManifest.xml:38:19-70
46        <receiver android:name="com.philk7.ppaprojectapp.HomeActivity$Companion$DecisionRequestReceiver" />
46-->src/main/AndroidManifest.xml:39:9-84
46-->src/main/AndroidManifest.xml:39:19-81
47    </application>
48
49</manifest>